<?xml version="1.0" encoding="UTF-8"?>
<!-- Generated by org.testng.reporters.JUnitReportReporter -->
<testsuite skipped="0" hostname="VAIO" name="com.employee.testcases.TC001_GetEmployee" tests="5" failures="0" timestamp="23 Jun 2022 11:58:50 GMT" time="0.093" errors="0">
  <testcase name="checkParticularHeader" time="0.019" classname="com.employee.testcases.TC001_GetEmployee"/>
  <testcase name="resposBody" time="0.052" classname="com.employee.testcases.TC001_GetEmployee"/>
  <testcase name="chekAllHeaders" time="0.016" classname="com.employee.testcases.TC001_GetEmployee"/>
  <testcase name="chekStatusLine" time="0.003" classname="com.employee.testcases.TC001_GetEmployee"/>
  <testcase name="checkStatusCode" time="0.003" classname="com.employee.testcases.TC001_GetEmployee"/>
</testsuite> <!-- com.employee.testcases.TC001_GetEmployee -->
