<?xml version="1.0" encoding="UTF-8"?>
<!-- Generated by org.testng.reporters.JUnitReportReporter -->
<testsuite skipped="0" hostname="VAIO" name="com.employee.testcases.TC002_PostEmployee" tests="5" failures="0" timestamp="23 Jun 2022 11:58:50 GMT" time="0.023" errors="0">
  <testcase name="ChekAllHeaders" time="0.007" classname="com.employee.testcases.TC002_PostEmployee"/>
  <testcase name="checkStatusCode" time="0.002" classname="com.employee.testcases.TC002_PostEmployee"/>
  <testcase name="checkStatusLine" time="0.003" classname="com.employee.testcases.TC002_PostEmployee"/>
  <testcase name="checkParticularheader" time="0.005" classname="com.employee.testcases.TC002_PostEmployee"/>
  <testcase name="checkReponseBody" time="0.006" classname="com.employee.testcases.TC002_PostEmployee"/>
</testsuite> <!-- com.employee.testcases.TC002_PostEmployee -->
