<?xml version="1.0" encoding="UTF-8"?>
<!-- Generated by org.testng.reporters.JUnitReportReporter -->
<testsuite skipped="0" hostname="VAIO" name="com.employee.testcases.TC006_GetEmployee" tests="1" failures="0" timestamp="23 Jun 2022 11:58:50 GMT" time="0.332" errors="0">
  <testcase name="GetEmployee" time="0.332" classname="com.employee.testcases.TC006_GetEmployee"/>
</testsuite> <!-- com.employee.testcases.TC006_GetEmployee -->
