<?xml version="1.0" encoding="UTF-8"?>
<!-- Generated by org.testng.reporters.JUnitReportReporter -->
<testsuite skipped="0" hostname="VAIO" name="com.employee.testcases.TC003_PutEmployee" tests="5" failures="0" timestamp="23 Jun 2022 11:58:50 GMT" time="0.024" errors="0">
  <testcase name="checkStatucode" time="0.003" classname="com.employee.testcases.TC003_PutEmployee"/>
  <testcase name="checkstatusLine" time="0.003" classname="com.employee.testcases.TC003_PutEmployee"/>
  <testcase name="responseBody" time="0.004" classname="com.employee.testcases.TC003_PutEmployee"/>
  <testcase name="checkAllHeader" time="0.011" classname="com.employee.testcases.TC003_PutEmployee"/>
  <testcase name="checkParticularHeader" time="0.003" classname="com.employee.testcases.TC003_PutEmployee"/>
</testsuite> <!-- com.employee.testcases.TC003_PutEmployee -->
