<?xml version="1.0" encoding="UTF-8"?>
<!-- Generated by org.testng.reporters.JUnitReportReporter -->
<testsuite skipped="0" hostname="VAIO" name="com.employee.testcases.TC005_PostEmployee" tests="1" failures="0" timestamp="23 Jun 2022 11:58:50 GMT" time="1.284" errors="0">
  <testcase name="postEmployee" time="1.284" classname="com.employee.testcases.TC005_PostEmployee"/>
</testsuite> <!-- com.employee.testcases.TC005_PostEmployee -->
