<?xml version="1.0" encoding="UTF-8"?>
<!-- Generated by org.testng.reporters.JUnitReportReporter -->
<testsuite skipped="0" hostname="VAIO" name="com.employee.testcases.TC004_PostEmployee" tests="5" failures="0" timestamp="23 Jun 2022 11:58:50 GMT" time="0.022" errors="0">
  <testcase name="statusCode" time="0.003" classname="com.employee.testcases.TC004_PostEmployee"/>
  <testcase name="statusLine" time="0.002" classname="com.employee.testcases.TC004_PostEmployee"/>
  <testcase name="particularHeaderCheck" time="0.003" classname="com.employee.testcases.TC004_PostEmployee"/>
  <testcase name="responseBody" time="0.004" classname="com.employee.testcases.TC004_PostEmployee"/>
  <testcase name="checkallHeaders" time="0.010" classname="com.employee.testcases.TC004_PostEmployee"/>
</testsuite> <!-- com.employee.testcases.TC004_PostEmployee -->
